2022-02-22 20:32:18,873 INFO func.py 29 Function load... String:你好
2022-02-22 20:32:19,116 INFO func.py 56 Found package:A_Turing_RobotChat
2022-02-22 20:32:19,990 INFO func.py 58 Package running{"string": "\u6211\u4eec\u6bcf\u5929\u90fd\u6253\u62db\u547c\u5427", "return": 0}
2022-02-22 20:32:19,994 INFO func.py 69 Function end.
2022-02-22 20:33:25,557 INFO func.py 29 Function load... String:你好
2022-02-22 20:33:25,706 INFO func.py 56 Found package:A_Turing_RobotChat
2022-02-22 20:33:25,935 INFO func.py 58 Package running{"string": "\u53c8\u89c1\u9762\u5566\uff01", "return": 1}
2022-02-22 20:33:25,939 INFO func.py 69 Function end.
2022-02-22 20:33:29,175 INFO func.py 29 Function load... String:你好
2022-02-22 20:35:04,396 INFO func.py 29 Function load... String:helo
2022-02-22 20:35:04,826 INFO func.py 37 Package running{"string": "\u76f4\u5347\u673a", "return": 1}
2022-02-22 20:35:04,829 INFO func.py 48 Function end.
2022-02-22 20:35:09,956 INFO func.py 29 Function load... String:helo
2022-02-22 20:35:10,328 INFO func.py 37 Package running{"string": "\u76f4\u5347\u673a", "return": 1}
2022-02-22 20:35:10,331 INFO func.py 48 Function end.
2022-02-22 21:11:17,437 INFO func.py 29 Function load... String:啊啊
2022-02-22 21:11:17,884 INFO func.py 37 Package running{"string": "\u5662", "return": 0}
2022-02-22 21:11:17,886 INFO func.py 48 Function end.
2022-02-22 21:11:44,950 INFO func.py 29 Function load... String:啊啊
2022-02-22 21:11:44,952 INFO func.py 70 Found package:A_Turing_RobotChat
2022-02-22 21:11:45,227 INFO func.py 72 Package running{"string": "\u540c\u5fd7\u4f60\u8fd9\u6837\u8bf4\u8bdd\u771f\u662f\u7b80\u7ec3\u5462\u3002", "return": 0}
2022-02-22 21:11:45,230 INFO func.py 83 Function end.
2022-02-22 21:12:12,425 INFO func.py 29 Function load... String:嗷嗷
2022-02-22 21:12:12,589 INFO func.py 70 Found package:A_Turing_RobotChat
2022-02-22 21:12:12,943 INFO func.py 72 Package running{"string": "\u4f60\u7684\u8fd9\u9996\u6b4c\u4f1a\u7ed9\u6211\u5feb\u4e50\u3002", "return": 1}
2022-02-22 21:12:12,945 INFO func.py 83 Function end.
