2022-03-25 15:19:38,486 INFO func.py 32 Function load... String:你好
2022-03-25 15:21:20,091 INFO func.py 32 Function load... String:aaa
2022-03-25 16:42:50,510 INFO func.py 32 Function load... String:你好
2022-03-25 16:45:35,142 INFO func.py 32 Function load... String:你好
2022-03-25 16:45:35,154 INFO func.py 40 Package running{"string": "\u6210\u8bed\u63a5\u9f99\u6e38\u620f\uff0c\u8bf7\u63a5\u6210\u8bed\u6216\u4fd7\u8bed\uff0c\u63a5\u7684\u7b2c\u4e00\u4e2a\u5b57\u8981\u8ddf\u4e0a\u9762\u7684\u6210\u8bed\u6700\u540e\u4e00\u4e2a\u5b57\u76f8\u540c\u54e6  \u5f53\u4f60\u4e0d\u60f3\u73a9\u7684\u65f6\u5019\u53ef\u4ee5\u8bf4\u51fa\"\u6211\u4e0d\u73a9\u4e86\"\u7ed3\u675f\u3002 \u4f60\u5148\u6765\u8fd8\u662f\u6211\u5148\u6765\uff1f", "return": 1}
2022-03-25 16:45:35,158 INFO func.py 51 Function end.
2022-03-25 16:45:40,912 INFO func.py 32 Function load... String:啊啊
2022-03-25 16:45:40,914 INFO func.py 40 Package running{"string": "\u6210\u8bed\u63a5\u9f99\u6e38\u620f\uff0c\u8bf7\u63a5\u6210\u8bed\u6216\u4fd7\u8bed\uff0c\u63a5\u7684\u7b2c\u4e00\u4e2a\u5b57\u8981\u8ddf\u4e0a\u9762\u7684\u6210\u8bed\u6700\u540e\u4e00\u4e2a\u5b57\u76f8\u540c\u54e6  \u5f53\u4f60\u4e0d\u60f3\u73a9\u7684\u65f6\u5019\u53ef\u4ee5\u8bf4\u51fa\"\u6211\u4e0d\u73a9\u4e86\"\u7ed3\u675f\u3002 \u4f60\u5148\u6765\u8fd8\u662f\u6211\u5148\u6765\uff1f", "return": 1}
2022-03-25 16:45:40,915 INFO func.py 51 Function end.
2022-03-25 16:45:45,670 INFO func.py 32 Function load... String:我先
2022-03-25 16:45:45,672 INFO func.py 40 Package running{"string": "\u597d\u554a\uff0c\u4f60\u5148\u6765", "return": 1}
2022-03-25 16:45:45,673 INFO func.py 51 Function end.
2022-03-25 16:45:57,690 INFO func.py 32 Function load... String:一动不动
2022-03-25 16:45:57,692 INFO func.py 40 Package running{"string": "\u6210\u8bed\u63a5\u9f99\u6e38\u620f\uff0c\u8bf7\u63a5\u6210\u8bed\u6216\u4fd7\u8bed\uff0c\u63a5\u7684\u7b2c\u4e00\u4e2a\u5b57\u8981\u8ddf\u4e0a\u9762\u7684\u6210\u8bed\u6700\u540e\u4e00\u4e2a\u5b57\u76f8\u540c\u54e6  \u5f53\u4f60\u4e0d\u60f3\u73a9\u7684\u65f6\u5019\u53ef\u4ee5\u8bf4\u51fa\"\u6211\u4e0d\u73a9\u4e86\"\u7ed3\u675f\u3002 \u4f60\u5148\u6765\u8fd8\u662f\u6211\u5148\u6765\uff1f", "return": 1}
2022-03-25 16:45:57,693 INFO func.py 51 Function end.
2022-03-25 16:46:12,923 INFO func.py 32 Function load... String:你好
2022-03-25 16:53:46,323 INFO func.py 32 Function load... String:你好
2022-03-25 16:53:47,581 INFO func.py 73 Found package:A_Turing_RobotChat
2022-03-25 16:53:47,955 INFO func.py 75 Package running{"string": "\u4ec5\u4ec5\u662f\u4e00\u4e2a\u6253\u62db\u547c\uff0c\u6211\u80fd\u5f00\u5fc3\u597d\u4e45\u597d\u4e45", "return": 0}
2022-03-25 16:53:47,957 INFO func.py 86 Function end.
2022-03-25 16:53:55,010 INFO func.py 32 Function load... String:成语接龙
2022-03-25 16:53:55,012 INFO func.py 73 Found package:AA_ChengyuJielong
2022-03-25 16:53:55,013 INFO func.py 75 Package running{"string": "\u6210\u8bed\u63a5\u9f99\u6e38\u620f\uff0c\u8bf7\u63a5\u6210\u8bed\u6216\u4fd7\u8bed\uff0c\u63a5\u7684\u7b2c\u4e00\u4e2a\u5b57\u8981\u8ddf\u4e0a\u9762\u7684\u6210\u8bed\u6700\u540e\u4e00\u4e2a\u5b57\u76f8\u540c\u54e6  \u5f53\u4f60\u4e0d\u60f3\u73a9\u7684\u65f6\u5019\u53ef\u4ee5\u8bf4\u51fa\"\u6211\u4e0d\u73a9\u4e86\"\u7ed3\u675f\u3002 \u4f60\u5148\u6765\u8fd8\u662f\u6211\u5148\u6765\uff1f", "return": 1}
2022-03-25 16:53:55,015 INFO func.py 86 Function end.
2022-03-25 16:54:00,395 INFO func.py 32 Function load... String:你先
2022-03-25 16:54:00,397 INFO func.py 40 Package running{"string": "\u597d\u5427\uff0c\u6211\u5148\u6765\uff1a\u5f04\u6708\u629f\u98ce", "return": 1}
2022-03-25 16:54:00,399 INFO func.py 51 Function end.
2022-03-25 16:54:23,324 INFO func.py 32 Function load... String:突破封印
2022-03-25 16:54:23,327 INFO func.py 40 Package running{"string": "\u6210\u8bed\u63a5\u9f99\u6e38\u620f\uff0c\u8bf7\u63a5\u6210\u8bed\u6216\u4fd7\u8bed\uff0c\u63a5\u7684\u7b2c\u4e00\u4e2a\u5b57\u8981\u8ddf\u4e0a\u9762\u7684\u6210\u8bed\u6700\u540e\u4e00\u4e2a\u5b57\u76f8\u540c\u54e6  \u5f53\u4f60\u4e0d\u60f3\u73a9\u7684\u65f6\u5019\u53ef\u4ee5\u8bf4\u51fa\"\u6211\u4e0d\u73a9\u4e86\"\u7ed3\u675f\u3002 \u4f60\u5148\u6765\u8fd8\u662f\u6211\u5148\u6765\uff1f", "return": 1}
2022-03-25 16:54:23,328 INFO func.py 51 Function end.
2022-03-25 19:18:57,647 INFO func.py 32 Function load... String:你是谁
2022-03-25 19:19:15,500 INFO func.py 32 Function load... String:你是谁
2022-03-25 19:19:16,151 INFO func.py 73 Found package:A_Turing_RobotChat
2022-03-25 19:19:16,500 INFO func.py 75 Package running{"string": "\u5728\u4e0b\u7075\u7a7a\u4e94\u53f7\uff0c\u8bf7\u591a\u591a\u6307\u6559\u3002", "return": 0}
2022-03-25 19:19:16,592 INFO func.py 86 Function end.
