2022-02-22 20:32:14,089 INFO ring-cli.py 9 logger service started
2022-02-22 20:32:14,090 INFO ring-cli.py 11 
    RingRobot 分支自 LingkongRobot
    Powered by ShushiTeam
    您正在运行命令行对话模式
    Ver.1.0 模块加载中，正在初始化

2022-02-22 20:33:21,754 INFO ring-cli.py 9 logger service started
2022-02-22 20:33:21,754 INFO ring-cli.py 11 
    RingRobot 分支自 LingkongRobot
    Powered by ShushiTeam
    您正在运行命令行对话模式
    Ver.1.0 模块加载中，正在初始化

2022-02-22 20:35:00,785 INFO ring-cli.py 9 logger service started
2022-02-22 20:35:00,792 INFO ring-cli.py 11 
    RingRobot 分支自 LingkongRobot
    Powered by ShushiTeam
    您正在运行命令行对话模式
    Ver.1.0 模块加载中，正在初始化

2022-02-22 21:11:10,962 INFO ring-cli.py 9 logger service started
2022-02-22 21:11:10,963 INFO ring-cli.py 11 
    RingRobot 分支自 LingkongRobot
    Powered by ShushiTeam
    您正在运行命令行对话模式
    Ver.1.0 模块加载中，正在初始化

2022-02-22 21:12:05,413 INFO ring-cli.py 9 logger service started
2022-02-22 21:12:05,413 INFO ring-cli.py 11 
    RingRobot 分支自 LingkongRobot
    Powered by ShushiTeam
    您正在运行命令行对话模式
    Ver.1.0 模块加载中，正在初始化

2022-02-22 21:12:46,574 INFO ring-cli.py 9 logger service started
2022-02-22 21:12:46,574 INFO ring-cli.py 11 
    RingRobot 分支自 LingkongRobot
    Powered by ShushiTeam
    您正在运行命令行对话模式
    Ver.1.0 模块加载中，正在初始化

