2022-02-21 18:56:15,098 INFO ring-cli.py 9 logger service started
2022-02-21 18:56:15,099 INFO ring-cli.py 11 
    RingRobot 分支自 LingkongRobot
    Powered by ShushiTeam
    您正在运行命令行对话模式
    Ver.1.0 模块加载中，正在初始化

2022-02-21 18:58:52,259 INFO ring-cli.py 9 logger service started
2022-02-21 18:58:52,259 INFO ring-cli.py 11 
    RingRobot 分支自 LingkongRobot
    Powered by ShushiTeam
    您正在运行命令行对话模式
    Ver.1.0 模块加载中，正在初始化

2022-02-21 18:59:47,198 INFO ring-cli.py 9 logger service started
2022-02-21 18:59:47,205 INFO ring-cli.py 11 
    RingRobot 分支自 LingkongRobot
    Powered by ShushiTeam
    您正在运行命令行对话模式
    Ver.1.0 模块加载中，正在初始化

2022-02-21 19:00:29,937 INFO ring-cli.py 9 logger service started
2022-02-21 19:00:29,937 INFO ring-cli.py 11 
    RingRobot 分支自 LingkongRobot
    Powered by ShushiTeam
    您正在运行命令行对话模式
    Ver.1.0 模块加载中，正在初始化

2022-02-21 19:02:12,206 INFO ring-cli.py 9 logger service started
2022-02-21 19:02:12,206 INFO ring-cli.py 11 
    RingRobot 分支自 LingkongRobot
    Powered by ShushiTeam
    您正在运行命令行对话模式
    Ver.1.0 模块加载中，正在初始化

2022-02-21 19:02:50,629 INFO ring-cli.py 9 logger service started
2022-02-21 19:02:50,630 INFO ring-cli.py 11 
    RingRobot 分支自 LingkongRobot
    Powered by ShushiTeam
    您正在运行命令行对话模式
    Ver.1.0 模块加载中，正在初始化

2022-02-21 19:04:57,715 INFO ring-cli.py 9 logger service started
2022-02-21 19:04:57,715 INFO ring-cli.py 11 
    RingRobot 分支自 LingkongRobot
    Powered by ShushiTeam
    您正在运行命令行对话模式
    Ver.1.0 模块加载中，正在初始化

2022-02-21 19:06:17,488 INFO ring-cli.py 9 logger service started
2022-02-21 19:06:17,488 INFO ring-cli.py 11 
    RingRobot 分支自 LingkongRobot
    Powered by ShushiTeam
    您正在运行命令行对话模式
    Ver.1.0 模块加载中，正在初始化

2022-02-21 19:07:42,039 INFO ring-cli.py 9 logger service started
2022-02-21 19:07:42,039 INFO ring-cli.py 11 
    RingRobot 分支自 LingkongRobot
    Powered by ShushiTeam
    您正在运行命令行对话模式
    Ver.1.0 模块加载中，正在初始化

2022-02-21 19:09:21,655 INFO ring-cli.py 9 logger service started
2022-02-21 19:09:21,656 INFO ring-cli.py 11 
    RingRobot 分支自 LingkongRobot
    Powered by ShushiTeam
    您正在运行命令行对话模式
    Ver.1.0 模块加载中，正在初始化

2022-02-21 19:22:58,374 INFO ring-cli.py 9 logger service started
2022-02-21 19:22:58,375 INFO ring-cli.py 11 
    RingRobot 分支自 LingkongRobot
    Powered by ShushiTeam
    您正在运行命令行对话模式
    Ver.1.0 模块加载中，正在初始化

2022-02-21 19:25:03,096 INFO ring-cli.py 9 logger service started
2022-02-21 19:25:03,096 INFO ring-cli.py 11 
    RingRobot 分支自 LingkongRobot
    Powered by ShushiTeam
    您正在运行命令行对话模式
    Ver.1.0 模块加载中，正在初始化

2022-02-21 19:27:23,288 INFO ring-cli.py 9 logger service started
2022-02-21 19:27:23,288 INFO ring-cli.py 11 
    RingRobot 分支自 LingkongRobot
    Powered by ShushiTeam
    您正在运行命令行对话模式
    Ver.1.0 模块加载中，正在初始化

2022-02-21 19:30:21,332 INFO ring-cli.py 9 logger service started
2022-02-21 19:30:21,332 INFO ring-cli.py 11 
    RingRobot 分支自 LingkongRobot
    Powered by ShushiTeam
    您正在运行命令行对话模式
    Ver.1.0 模块加载中，正在初始化

2022-02-21 20:05:48,085 INFO ring-cli.py 9 logger service started
2022-02-21 20:05:48,086 INFO ring-cli.py 11 
    RingRobot 分支自 LingkongRobot
    Powered by ShushiTeam
    您正在运行命令行对话模式
    Ver.1.0 模块加载中，正在初始化

