2022-03-26 09:42:44,835 INFO ring-cli.py 19 logger service started
2022-03-26 09:42:44,836 INFO ring-cli.py 21 
    RingRobotX
    Powered by LingkongTeam
    您正在运行命令行对话模式
    Ver.1.0 模块加载中，正在初始化

2022-03-26 09:43:07,276 INFO ring-cli.py 19 logger service started
2022-03-26 09:43:07,276 INFO ring-cli.py 21 
    RingRobotX
    Powered by LingkongTeam
    您正在运行命令行对话模式
    Ver.1.0 模块加载中，正在初始化

2022-03-26 09:43:32,819 INFO ring-cli.py 19 logger service started
2022-03-26 09:43:32,820 INFO ring-cli.py 21 
    RingRobotX
    Powered by LingkongTeam
    您正在运行命令行对话模式
    Ver.1.0 模块加载中，正在初始化

2022-03-26 09:43:44,938 INFO ring-cli.py 19 logger service started
2022-03-26 09:43:44,938 INFO ring-cli.py 21 
    RingRobotX
    Powered by LingkongTeam
    您正在运行命令行对话模式
    Ver.1.0 模块加载中，正在初始化

2022-03-26 10:34:16,927 INFO ring-cli.py 14 logger service started
2022-03-26 10:34:16,927 INFO ring-cli.py 16 
    RingRobotX
    Powered by LingkongTeam
    您正在运行命令行对话模式
    Ver.1.0 模块加载中，正在初始化

2022-03-26 10:34:35,910 INFO ring-cli.py 14 logger service started
2022-03-26 10:34:35,910 INFO ring-cli.py 16 
    RingRobotX
    Powered by LingkongTeam
    您正在运行命令行对话模式
    Ver.1.0 模块加载中，正在初始化

