2022-02-26 12:16:59,059 INFO ring-cli.py 15 logger service started
2022-02-26 12:16:59,059 INFO ring-cli.py 17 
    RingRobotX
    Powered by LingkongTeam
    您正在运行命令行对话模式
    Ver.1.0 模块加载中，正在初始化

2022-02-26 12:38:07,824 INFO ring-cli.py 15 logger service started
2022-02-26 12:38:07,824 INFO ring-cli.py 17 
    RingRobotX
    Powered by LingkongTeam
    您正在运行命令行对话模式
    Ver.1.0 模块加载中，正在初始化

2022-02-26 12:39:36,536 INFO ring-cli.py 15 logger service started
2022-02-26 12:39:36,536 INFO ring-cli.py 17 
    RingRobotX
    Powered by LingkongTeam
    您正在运行命令行对话模式
    Ver.1.0 模块加载中，正在初始化

2022-02-26 12:41:05,418 INFO ring-cli.py 15 logger service started
2022-02-26 12:41:05,418 INFO ring-cli.py 17 
    RingRobotX
    Powered by LingkongTeam
    您正在运行命令行对话模式
    Ver.1.0 模块加载中，正在初始化

2022-02-26 12:42:52,402 INFO ring-cli.py 15 logger service started
2022-02-26 12:42:52,402 INFO ring-cli.py 17 
    RingRobotX
    Powered by LingkongTeam
    您正在运行命令行对话模式
    Ver.1.0 模块加载中，正在初始化

2022-02-26 12:43:59,387 INFO ring-cli.py 15 logger service started
2022-02-26 12:43:59,388 INFO ring-cli.py 17 
    RingRobotX
    Powered by LingkongTeam
    您正在运行命令行对话模式
    Ver.1.0 模块加载中，正在初始化

