2022-03-25 12:14:08,259 INFO ring-cli.py 15 logger service started
2022-03-25 12:14:08,261 INFO ring-cli.py 17 
    RingRobotX
    Powered by LingkongTeam
    您正在运行命令行对话模式
    Ver.1.0 模块加载中，正在初始化

2022-03-25 12:15:35,107 INFO ring-cli.py 15 logger service started
2022-03-25 12:15:35,108 INFO ring-cli.py 17 
    RingRobotX
    Powered by LingkongTeam
    您正在运行命令行对话模式
    Ver.1.0 模块加载中，正在初始化

2022-03-25 15:12:55,882 INFO ring-cli.py 15 logger service started
2022-03-25 15:12:55,884 INFO ring-cli.py 17 
    RingRobotX
    Powered by LingkongTeam
    您正在运行命令行对话模式
    Ver.1.0 模块加载中，正在初始化

2022-03-25 15:13:33,048 INFO ring-cli.py 15 logger service started
2022-03-25 15:13:33,048 INFO ring-cli.py 17 
    RingRobotX
    Powered by LingkongTeam
    您正在运行命令行对话模式
    Ver.1.0 模块加载中，正在初始化

2022-03-25 15:19:19,389 INFO ring-cli.py 15 logger service started
2022-03-25 15:19:19,390 INFO ring-cli.py 17 
    RingRobotX
    Powered by LingkongTeam
    您正在运行命令行对话模式
    Ver.1.0 模块加载中，正在初始化

2022-03-25 15:19:27,114 INFO ring-cli.py 15 logger service started
2022-03-25 15:19:27,115 INFO ring-cli.py 17 
    RingRobotX
    Powered by LingkongTeam
    您正在运行命令行对话模式
    Ver.1.0 模块加载中，正在初始化

2022-03-25 15:20:47,261 INFO ring-cli.py 15 logger service started
2022-03-25 15:20:47,261 INFO ring-cli.py 17 
    RingRobotX
    Powered by LingkongTeam
    您正在运行命令行对话模式
    Ver.1.0 模块加载中，正在初始化

2022-03-25 15:21:15,520 INFO ring-cli.py 16 logger service started
2022-03-25 15:21:15,521 INFO ring-cli.py 18 
    RingRobotX
    Powered by LingkongTeam
    您正在运行命令行对话模式
    Ver.1.0 模块加载中，正在初始化

2022-03-25 15:21:36,845 INFO ring-cli.py 16 logger service started
2022-03-25 15:21:36,845 INFO ring-cli.py 18 
    RingRobotX
    Powered by LingkongTeam
    您正在运行命令行对话模式
    Ver.1.0 模块加载中，正在初始化

2022-03-25 15:24:28,663 INFO ring-cli.py 16 logger service started
2022-03-25 15:24:28,663 INFO ring-cli.py 18 
    RingRobotX
    Powered by LingkongTeam
    您正在运行命令行对话模式
    Ver.1.0 模块加载中，正在初始化

2022-03-25 16:07:14,647 INFO ring-cli.py 16 logger service started
2022-03-25 16:07:14,661 INFO ring-cli.py 18 
    RingRobotX
    Powered by LingkongTeam
    您正在运行命令行对话模式
    Ver.1.0 模块加载中，正在初始化

2022-03-25 16:07:41,932 INFO ring-cli.py 15 logger service started
2022-03-25 16:07:41,933 INFO ring-cli.py 17 
    RingRobotX
    Powered by LingkongTeam
    您正在运行命令行对话模式
    Ver.1.0 模块加载中，正在初始化

2022-03-25 16:08:19,871 INFO ring-cli.py 15 logger service started
2022-03-25 16:08:19,872 INFO ring-cli.py 17 
    RingRobotX
    Powered by LingkongTeam
    您正在运行命令行对话模式
    Ver.1.0 模块加载中，正在初始化

2022-03-25 16:41:46,110 INFO ring-cli.py 15 logger service started
2022-03-25 16:41:46,110 INFO ring-cli.py 17 
    RingRobotX
    Powered by LingkongTeam
    您正在运行命令行对话模式
    Ver.1.0 模块加载中，正在初始化

2022-03-25 16:41:53,606 INFO ring-cli.py 15 logger service started
2022-03-25 16:41:53,607 INFO ring-cli.py 17 
    RingRobotX
    Powered by LingkongTeam
    您正在运行命令行对话模式
    Ver.1.0 模块加载中，正在初始化

2022-03-25 16:42:08,815 INFO ring-cli.py 15 logger service started
2022-03-25 16:42:08,815 INFO ring-cli.py 17 
    RingRobotX
    Powered by LingkongTeam
    您正在运行命令行对话模式
    Ver.1.0 模块加载中，正在初始化

2022-03-25 16:42:42,027 INFO ring-cli.py 15 logger service started
2022-03-25 16:42:42,027 INFO ring-cli.py 17 
    RingRobotX
    Powered by LingkongTeam
    您正在运行命令行对话模式
    Ver.1.0 模块加载中，正在初始化

2022-03-25 16:45:31,106 INFO ring-cli.py 15 logger service started
2022-03-25 16:45:31,107 INFO ring-cli.py 17 
    RingRobotX
    Powered by LingkongTeam
    您正在运行命令行对话模式
    Ver.1.0 模块加载中，正在初始化

2022-03-25 16:46:09,323 INFO ring-cli.py 15 logger service started
2022-03-25 16:46:09,323 INFO ring-cli.py 17 
    RingRobotX
    Powered by LingkongTeam
    您正在运行命令行对话模式
    Ver.1.0 模块加载中，正在初始化

2022-03-25 16:53:40,158 INFO ring-cli.py 15 logger service started
2022-03-25 16:53:40,159 INFO ring-cli.py 17 
    RingRobotX
    Powered by LingkongTeam
    您正在运行命令行对话模式
    Ver.1.0 模块加载中，正在初始化

2022-03-25 19:18:48,622 INFO ring-cli.py 15 logger service started
2022-03-25 19:18:48,640 INFO ring-cli.py 17 
    RingRobotX
    Powered by LingkongTeam
    您正在运行命令行对话模式
    Ver.1.0 模块加载中，正在初始化

2022-03-25 19:19:12,853 INFO ring-cli.py 15 logger service started
2022-03-25 19:19:12,853 INFO ring-cli.py 17 
    RingRobotX
    Powered by LingkongTeam
    您正在运行命令行对话模式
    Ver.1.0 模块加载中，正在初始化

